<?xml version="1.0" encoding="UTF-8"?>
<!-- Generated by org.testng.reporters.JUnitReportReporter -->
<testsuite hostname="IDEAPAD-PRO" failures="0" tests="3" name="example01.RuningByMethods.SocialWebLink" time="11.630" errors="0" timestamp="2025-02-11T16:31:32 IST" skipped="0">
  <testcase classname="example01.RuningByMethods.SocialWebLink" name="twitterTestCase" time="9.347"/>
  <testcase classname="example01.RuningByMethods.SocialWebLink" name="linkedinTestCase" time="1.220"/>
  <testcase classname="example01.RuningByMethods.SocialWebLink" name="facebookTestCase" time="1.063"/>
</testsuite> <!-- example01.RuningByMethods.SocialWebLink -->
