<?xml version="1.0" encoding="UTF-8"?>
<!-- Generated by org.testng.reporters.JUnitReportReporter -->
<testsuite hostname="Apple" failures="0" tests="1" name="testCase.ForgotPasswordTesting" time="4.612" errors="0" timestamp="2024-05-22T14:05:06 IST" skipped="0">
  <testcase classname="testCase.ForgotPasswordTesting" name="verifyForgotPassword" time="4.612"/>
</testsuite> <!-- testCase.ForgotPasswordTesting -->
