<?xml version="1.0" encoding="UTF-8"?>
<!-- Generated by org.testng.reporters.JUnitReportReporter -->
<testsuite hostname="IDEAPAD-PRO" failures="0" tests="3" name="example01.RuningByMethods.SearchEngine" time="5.260" errors="0" timestamp="2025-02-11T16:31:32 IST" skipped="0">
  <testcase classname="example01.RuningByMethods.SearchEngine" name="googleTestCase" time="1.799"/>
  <testcase classname="example01.RuningByMethods.SearchEngine" name="yandexTestCase" time="2.805"/>
  <testcase classname="example01.RuningByMethods.SearchEngine" name="bingTestCase" time="0.656"/>
</testsuite> <!-- example01.RuningByMethods.SearchEngine -->
