<?xml version="1.0" encoding="UTF-8"?>
<!-- Generated by org.testng.reporters.JUnitReportReporter -->
<testsuite hostname="IDEAPAD-PRO" failures="0" tests="1" name="example04.ExecutionFlow.TestngExecutionFlow" time="0.005" errors="0" timestamp="2025-02-11T16:35:11 IST" skipped="0">
  <testcase classname="example04.ExecutionFlow.TestngExecutionFlow" name="testing" time="0.005"/>
</testsuite> <!-- example04.ExecutionFlow.TestngExecutionFlow -->
