<?xml version="1.0" encoding="UTF-8"?>
<!-- Generated by org.testng.reporters.JUnitReportReporter -->
<testsuite hostname="GOOGLE" failures="0" tests="1" name="example04.ExecutionFlow.TestngExecutionFlow" time="0.000" errors="0" timestamp="2024-05-28T23:56:50 IST" skipped="1">
  <testcase classname="example04.ExecutionFlow.TestngExecutionFlow" name="testing" time="0.000">
    <skipped/>
  </testcase> <!-- testing -->
</testsuite> <!-- example04.ExecutionFlow.TestngExecutionFlow -->
