<?xml version="1.0" encoding="UTF-8"?>
<!-- Generated by org.testng.reporters.JUnitReportReporter -->
<testsuite hostname="GOOGLE" failures="0" tests="3" name="example07.GroupTestCase.BingTestCase" time="0.000" errors="0" timestamp="2024-05-28T23:56:50 IST" skipped="3">
  <testcase classname="example07.GroupTestCase.BingTestCase" name="A" time="0.000">
    <skipped/>
  </testcase> <!-- A -->
  <testcase classname="example07.GroupTestCase.BingTestCase" name="B" time="0.000">
    <skipped/>
  </testcase> <!-- B -->
  <testcase classname="example07.GroupTestCase.BingTestCase" name="C" time="0.000">
    <skipped/>
  </testcase> <!-- C -->
</testsuite> <!-- example07.GroupTestCase.BingTestCase -->
