<?xml version="1.0" encoding="UTF-8"?>
<!-- Generated by org.testng.reporters.JUnitReportReporter -->
<testsuite hostname="GOOGLE" failures="0" tests="6" name="example16.ExtentReports.TestCaseER" time="0.000" errors="0" timestamp="2024-05-28T23:56:50 IST" skipped="6">
  <testcase classname="example16.ExtentReports.TestCaseER" name="loginPage" time="0.000">
    <skipped/>
  </testcase> <!-- loginPage -->
  <testcase classname="example16.ExtentReports.TestCaseER" name="verifySuccessfullyLogin" time="0.000">
    <skipped/>
  </testcase> <!-- verifySuccessfullyLogin -->
  <testcase classname="example16.ExtentReports.TestCaseER" name="verifyPageTitle" time="0.000">
    <skipped/>
  </testcase> <!-- verifyPageTitle -->
  <testcase classname="example16.ExtentReports.TestCaseER" name="verifyCurrentUrl" time="0.000">
    <skipped/>
  </testcase> <!-- verifyCurrentUrl -->
  <testcase classname="example16.ExtentReports.TestCaseER" name="verifyLogoutFunctionality" time="0.000">
    <skipped/>
  </testcase> <!-- verifyLogoutFunctionality -->
  <testcase classname="example16.ExtentReports.TestCaseER" name="invalidUserLogin" time="0.000">
    <skipped/>
  </testcase> <!-- invalidUserLogin -->
</testsuite> <!-- example16.ExtentReports.TestCaseER -->
