<?xml version="1.0" encoding="UTF-8"?>
<!-- Generated by org.testng.reporters.JUnitReportReporter -->
<testsuite hostname="GOOGLE" failures="0" tests="1" name="example03.Assertions.TestngUsingSoftAssert" time="0.000" errors="0" timestamp="2024-05-28T23:56:50 IST" skipped="1">
  <testcase classname="example03.Assertions.TestngUsingSoftAssert" name="validationUsingSoftAssert" time="0.000">
    <skipped/>
  </testcase> <!-- validationUsingSoftAssert -->
</testsuite> <!-- example03.Assertions.TestngUsingSoftAssert -->
